<?xml version="1.0" encoding="UTF-8"?>
<!-- Generated by org.testng.reporters.JUnitReportReporter -->
<testsuite hostname="DESKTOP-1VSDUBV" failures="0" tests="1" name="Aspire.BookFlightMakeMyTrip" time="32.954" errors="0" timestamp="2023-10-04T10:06:23 IST" skipped="0">
  <testcase classname="Aspire.BookFlightMakeMyTrip" name="bookFlightMakeMyTripTest" time="32.954"/>
  <system-out/>
</testsuite> <!-- Aspire.BookFlightMakeMyTrip -->
