<?xml version="1.0" encoding="UTF-8"?>
<!-- Generated by org.testng.reporters.JUnitReportReporter -->
<testsuite hostname="DESKTOP-1VSDUBV" failures="0" tests="1" name="auto.MultipleWindows" time="124.075" errors="0" timestamp="2023-07-21T15:17:09 IST" skipped="0">
  <testcase classname="auto.MultipleWindows" name="windowTest" time="124.075"/>
  <system-out/>
</testsuite> <!-- auto.MultipleWindows -->
