<?xml version="1.0" encoding="UTF-8"?>
<!-- Generated by org.testng.reporters.JUnitReportReporter -->
<testsuite hostname="DESKTOP-1VSDUBV" failures="0" tests="1" name="externalFiles.Writing_Data_Into_Property_File" time="0.037" errors="0" timestamp="2023-06-26T13:40:18 IST" skipped="0">
  <testcase classname="externalFiles.Writing_Data_Into_Property_File" name="writeTest" time="0.037"/>
  <system-out/>
</testsuite> <!-- externalFiles.Writing_Data_Into_Property_File -->
