<?xml version="1.0" encoding="UTF-8"?>
<!-- Generated by org.testng.reporters.JUnitReportReporter -->
<testsuite hostname="DESKTOP-1VSDUBV" failures="0" tests="1" name="auto.Demo123" time="8.609" errors="0" timestamp="2023-05-31T20:20:08 IST" skipped="0">
  <testcase classname="auto.Demo123" name="test" time="8.609"/>
  <system-out/>
</testsuite> <!-- auto.Demo123 -->
