<?xml version="1.0" encoding="UTF-8"?>
<!-- Generated by org.testng.reporters.JUnitReportReporter -->
<testsuite hostname="DESKTOP-1VSDUBV" failures="0" tests="1" name="auto.FilpkartPractice" time="20.485" errors="0" timestamp="2023-10-02T21:44:04 IST" skipped="0">
  <testcase classname="auto.FilpkartPractice" name="flipText" time="20.485"/>
  <system-out/>
</testsuite> <!-- auto.FilpkartPractice -->
