<?xml version="1.0" encoding="UTF-8"?>
<!-- Generated by org.testng.reporters.JUnitReportReporter -->
<testsuite hostname="DESKTOP-1VSDUBV" failures="0" tests="1" name="auto.makeMyTrip" time="30.529" errors="0" timestamp="2023-04-19T10:03:20 IST" skipped="0">
  <testcase classname="auto.makeMyTrip" name="makeMyTripTest" time="30.529"/>
  <system-out/>
</testsuite> <!-- auto.makeMyTrip -->
