<?xml version="1.0" encoding="UTF-8"?>
<!-- Generated by org.testng.reporters.JUnitReportReporter -->
<testsuite hostname="DESKTOP-1VSDUBV" failures="0" tests="1" name="externalFiles.Fetching_Data_From_Excel_File" time="1.209" errors="0" timestamp="2023-08-31T10:09:59 IST" skipped="0">
  <testcase classname="externalFiles.Fetching_Data_From_Excel_File" name="excelTest" time="1.209"/>
  <system-out/>
</testsuite> <!-- externalFiles.Fetching_Data_From_Excel_File -->
