<?xml version="1.0" encoding="UTF-8"?>
<!-- Generated by org.testng.reporters.JUnitReportReporter -->
<testsuite hostname="DESKTOP-1VSDUBV" failures="0" tests="1" name="auto.Google_Sugg" time="8.283" errors="0" timestamp="2023-05-24T10:58:16 IST" skipped="0">
  <testcase classname="auto.Google_Sugg" name="google_Sugg" time="8.283"/>
  <system-out/>
</testsuite> <!-- auto.Google_Sugg -->
