<?xml version="1.0" encoding="UTF-8"?>
<!-- Generated by org.testng.reporters.JUnitReportReporter -->
<testsuite hostname="DESKTOP-1VSDUBV" failures="0" tests="1" name="auto.BigBasket" time="16.557" errors="0" timestamp="2023-07-03T20:34:49 IST" skipped="0">
  <testcase classname="auto.BigBasket" name="bigbasket" time="16.557"/>
  <system-out/>
</testsuite> <!-- auto.BigBasket -->
