<?xml version="1.0" encoding="UTF-8"?>
<!-- Generated by org.testng.reporters.JUnitReportReporter -->
<testsuite hostname="DESKTOP-1VSDUBV" failures="0" tests="1" name="auto.FilpKartWindows" time="11.196" errors="0" timestamp="2023-10-02T21:59:42 IST" skipped="0">
  <testcase classname="auto.FilpKartWindows" name="Test" time="11.196"/>
  <system-out/>
</testsuite> <!-- auto.FilpKartWindows -->
