<?xml version="1.0" encoding="UTF-8"?>
<!-- Generated by org.testng.reporters.JUnitReportReporter -->
<testsuite hostname="DESKTOP-1VSDUBV" failures="0" tests="1" name="auto.Practice" time="36.143" errors="0" timestamp="2023-09-02T17:30:22 IST" skipped="0">
  <testcase classname="auto.Practice" name="praticeTest" time="36.143"/>
  <system-out/>
</testsuite> <!-- auto.Practice -->
