<?xml version="1.0" encoding="UTF-8"?>
<!-- Generated by org.testng.reporters.JUnitReportReporter -->
<testsuite hostname="DESKTOP-1VSDUBV" failures="0" tests="1" name="auto.UpperCase" time="7.412" errors="0" timestamp="2023-06-02T11:28:58 IST" skipped="0">
  <testcase classname="auto.UpperCase" name="test" time="7.412"/>
  <system-out/>
</testsuite> <!-- auto.UpperCase -->
