<?xml version="1.0" encoding="UTF-8"?>
<!-- Generated by org.testng.reporters.JUnitReportReporter -->
<testsuite hostname="DESKTOP-1VSDUBV" failures="0" tests="1" name="demo.Demo1" time="59.788" errors="0" timestamp="2023-09-28T16:24:27 IST" skipped="0">
  <testcase classname="demo.Demo1" name="demoTest" time="59.788"/>
  <system-out/>
</testsuite> <!-- demo.Demo1 -->
