<?xml version="1.0" encoding="UTF-8"?>
<!-- Generated by org.testng.reporters.JUnitReportReporter -->
<testsuite hostname="DESKTOP-1VSDUBV" failures="0" tests="1" name="externalFiles.Attendence" time="0.881" errors="0" timestamp="2023-09-14T13:34:58 IST" skipped="0">
  <testcase classname="externalFiles.Attendence" name="attendenceTest" time="0.881"/>
  <system-out/>
</testsuite> <!-- externalFiles.Attendence -->
