<?xml version="1.0" encoding="UTF-8"?>
<!-- Generated by org.testng.reporters.JUnitReportReporter -->
<testsuite hostname="DESKTOP-1VSDUBV" failures="0" tests="1" name="auto.Amazon1" time="65.221" errors="0" timestamp="2023-06-02T23:01:06 IST" skipped="0">
  <testcase classname="auto.Amazon1" name="text" time="65.221"/>
  <system-out/>
</testsuite> <!-- auto.Amazon1 -->
