<?xml version="1.0" encoding="UTF-8"?>
<!-- Generated by org.testng.reporters.JUnitReportReporter -->
<testsuite hostname="DESKTOP-1VSDUBV" failures="0" tests="1" name="auto.Iphone13" time="21.990" errors="0" timestamp="2023-06-22T13:50:06 IST" skipped="0">
  <testcase classname="auto.Iphone13" name="iphoneTest" time="21.990"/>
  <system-out/>
</testsuite> <!-- auto.Iphone13 -->
