<?xml version="1.0" encoding="UTF-8"?>
<!-- Generated by org.testng.reporters.JUnitReportReporter -->
<testsuite hostname="DESKTOP-1VSDUBV" failures="0" tests="1" name="auto.FlipKart_MobilePrice" time="11.203" errors="0" timestamp="2023-06-27T22:32:37 IST" skipped="0">
  <testcase classname="auto.FlipKart_MobilePrice" name="mobileTest" time="11.203"/>
  <system-out/>
</testsuite> <!-- auto.FlipKart_MobilePrice -->
