<?xml version="1.0" encoding="UTF-8"?>
<!-- Generated by org.testng.reporters.JUnitReportReporter -->
<testsuite hostname="DESKTOP-1VSDUBV" failures="0" tests="1" name="auto.Win" time="28.142" errors="0" timestamp="2023-10-04T10:32:05 IST" skipped="0">
  <testcase classname="auto.Win" name="testName" time="28.142"/>
  <system-out/>
</testsuite> <!-- auto.Win -->
