<?xml version="1.0" encoding="UTF-8"?>
<!-- Generated by org.testng.reporters.JUnitReportReporter -->
<testsuite hostname="DESKTOP-1VSDUBV" failures="0" tests="1" name="auto.AmericanAirlines" time="28.446" errors="0" timestamp="2023-09-15T12:31:42 IST" skipped="0">
  <testcase classname="auto.AmericanAirlines" name="americanAirlinesTest" time="28.446"/>
  <system-out/>
</testsuite> <!-- auto.AmericanAirlines -->
