<?xml version="1.0" encoding="UTF-8"?>
<!-- Generated by org.testng.reporters.JUnitReportReporter -->
<testsuite hostname="DESKTOP-1VSDUBV" failures="0" tests="1" name="externalFiles.Fetching_Data_From_Property_File" time="0.010" errors="0" timestamp="2023-07-20T17:34:08 IST" skipped="0">
  <testcase classname="externalFiles.Fetching_Data_From_Property_File" name="fetch" time="0.010"/>
  <system-out/>
</testsuite> <!-- externalFiles.Fetching_Data_From_Property_File -->
