<?xml version="1.0" encoding="UTF-8"?>
<!-- Generated by org.testng.reporters.JUnitReportReporter -->
<testsuite hostname="DESKTOP-1VSDUBV" failures="0" tests="1" name="auto.SpiceJet" time="19.918" errors="0" timestamp="2023-04-18T17:11:29 IST" skipped="0">
  <testcase classname="auto.SpiceJet" name="spiceJet" time="19.918"/>
  <system-out/>
</testsuite> <!-- auto.SpiceJet -->
