<?xml version="1.0" encoding="UTF-8"?>
<!-- Generated by org.testng.reporters.JUnitReportReporter -->
<testsuite hostname="DESKTOP-1VSDUBV" failures="0" tests="1" name="auto.MoneyGraph" time="10.124" errors="0" timestamp="2023-08-09T16:46:18 IST" skipped="0">
  <testcase classname="auto.MoneyGraph" name="moneyGraph" time="10.124"/>
  <system-out/>
</testsuite> <!-- auto.MoneyGraph -->
